\BOOKMARK [1][-]{section.1}{Introduction: Audio Signal Source Recovery}{}% 1
\BOOKMARK [2][-]{subsection.1.1}{Import FastICA Algorithm}{section.1}% 2
\BOOKMARK [2][-]{subsection.1.2}{Functions from Demo}{section.1}% 3
\BOOKMARK [3][-]{subsubsection.1.2.1}{Read in Audio Data and Visualize}{subsection.1.2}% 4
\BOOKMARK [1][-]{section.2}{Check Gaussianity of Audio Data}{}% 5
\BOOKMARK [2][-]{subsection.2.1}{Test Check Gaussianity Function}{section.2}% 6
\BOOKMARK [2][-]{subsection.2.2}{Test Bach Audio Sample}{section.2}% 7
\BOOKMARK [2][-]{subsection.2.3}{Test Speech Sample}{section.2}% 8
\BOOKMARK [2][-]{subsection.2.4}{Mix Bach and Speech Samples}{section.2}% 9
\BOOKMARK [2][-]{subsection.2.5}{Visualize Samples and Mixed Signal}{section.2}% 10
\BOOKMARK [1][-]{section.3}{Verify ICA Implementation}{}% 11
\BOOKMARK [2][-]{subsection.3.1}{Generate Synthetic Laplacian Data}{section.3}% 12
\BOOKMARK [3][-]{subsubsection.3.1.1}{Visualize Generated Validation Data}{subsection.3.1}% 13
\BOOKMARK [2][-]{subsection.3.2}{Implement ICA on Validation Data}{section.3}% 14
\BOOKMARK [2][-]{subsection.3.3}{Examine Estimated Mixing Matrix}{section.3}% 15
\BOOKMARK [2][-]{subsection.3.4}{Examine Estimated Sources}{section.3}% 16
\BOOKMARK [1][-]{section.4}{Test ICA on Audio Data}{}% 17
\BOOKMARK [2][-]{subsection.4.1}{Visualize Actual and Estimated Mixing Matrices}{section.4}% 18
\BOOKMARK [2][-]{subsection.4.2}{Visualize Actual and Estimated Sources}{section.4}% 19
\BOOKMARK [1][-]{section.5}{Conclusions}{}% 20
