\BOOKMARK [1][-]{section.1}{Bayesian Model for Sleeping and Waking Up}{}% 1
\BOOKMARK [2][-]{subsection.1.1}{Problem Description}{section.1}% 2
\BOOKMARK [2][-]{subsection.1.2}{Approach}{section.1}% 3
\BOOKMARK [1][-]{section.2}{Wake Sleep Data}{}% 4
\BOOKMARK [2][-]{subsection.2.1}{Data Structuring}{section.2}% 5
\BOOKMARK [2][-]{subsection.2.2}{Visualizations of Data}{section.2}% 6
\BOOKMARK [1][-]{section.3}{Modeling Transition as a Logistic Function}{}% 7
\BOOKMARK [1][-]{section.4}{Assume Priors are Normally Distributed}{}% 8
\BOOKMARK [1][-]{section.5}{Complete Model}{}% 9
\BOOKMARK [2][-]{subsection.5.1}{Bernoulli Variable}{section.5}% 10
\BOOKMARK [2][-]{subsection.5.2}{Sleep Model}{section.5}% 11
\BOOKMARK [3][-]{subsubsection.5.2.1}{PyMC3}{subsection.5.2}% 12
\BOOKMARK [2][-]{subsection.5.3}{Visualize Posteriors for Alpha and Beta}{section.5}% 13
\BOOKMARK [3][-]{subsubsection.5.3.1}{Confidence Interval}{subsection.5.3}% 14
\BOOKMARK [2][-]{subsection.5.4}{Posterior Probability for Specific Time}{section.5}% 15
\BOOKMARK [1][-]{section.6}{Convergence in Markov Chain Monte Carlo}{}% 16
\BOOKMARK [2][-]{subsection.6.1}{Trace Plots}{section.6}% 17
\BOOKMARK [1][-]{section.7}{Incorporating Additional Information}{}% 18
\BOOKMARK [2][-]{subsection.7.1}{Visualize Shifts}{section.7}% 19
\BOOKMARK [1][-]{section.8}{Wake Model}{}% 20
\BOOKMARK [2][-]{subsection.8.1}{Investigate the Model}{section.8}% 21
\BOOKMARK [2][-]{subsection.8.2}{Confidence Intervals \(95\045\)}{section.8}% 22
\BOOKMARK [1][-]{section.9}{Length of Sleep}{}% 23
\BOOKMARK [2][-]{subsection.9.1}{Visualize Posterior Distribution}{section.9}% 24
\BOOKMARK [3][-]{subsubsection.9.1.1}{Query the Posterior Model}{subsection.9.1}% 25
\BOOKMARK [2][-]{subsection.9.2}{Visualize the Posterior and the Data}{section.9}% 26
\BOOKMARK [1][-]{section.10}{Conclusions}{}% 27
